
  .   ____          _            __ _ _
 /\\ / ___'_ __ _ _(_)_ __  __ _ \ \ \ \
( ( )\___ | '_ | '_| | '_ \/ _` | \ \ \ \
 \\/  ___)| |_)| | | | | || (_| |  ) ) ) )
  '  |____| .__|_| |_|_| |_\__, | / / / /
 =========|_|==============|___/=/_/_/_/
 :: Spring Boot ::        (v2.1.1.RELEASE)

2019-03-04 14:52:04.514 [main] INFO  o.h.p.a.HSPCReferenceApiMultitenantApplication [StartupInfoLogger.java:50] Starting HSPCReferenceApiMultitenantApplication v2.4.0-SNAPSHOT on Jacobs-MacBook-Pro.local with PID 8945 (/Users/jacobcrump/HSPC_projects/reference-api/360-migration/370-migration/hspc-reference-api-webapp-2.4.0-SNAPSHOT.jar started by jacobcrump in /Users/jacobcrump/HSPC_projects/reference-api/360-migration/370-migration)
2019-03-04 14:52:04.518 [main] INFO  o.h.p.a.HSPCReferenceApiMultitenantApplication [SpringApplication.java:679] The following profiles are active: eyJhbGciOiJSUzI1NiJ9.eyJhdWQiOiJzYW5kX21hbiIsImlzcyI6Imh0dHA6XC9cL2xvY2FsaG9zdDo4MDYwXC8iLCJleHAiOjE1NTE4MTQ5NzksImlhdCI6MTU1MTcyODU3OSwianRpIjoiMjQyNzBjMzQtMTE5NC00MTk4LWEzMDAtY2MxYmY2NWUyNzhhIn0.kmQd17V947bpZwC0hBm0LynLWlpwpOiZIFtuyAhMZDw6qa6bngkuLAMwWnv052up3arY1eiJO2bQWuGQ9oPhVfAkqlmKpuyhdTjuut2yfB2PdOIIqv1Yw26-lIG996MWWnxJX5Fh-xyn8oDpddi9QHlytpGwYr5Xwo1qa4gZ5oCk-nxNtU48cMA9bItEjkQFIXpMdJ7BnwSisRsNHd30BgDTBFXew6afbrS4ZsKiBYaJRUV08nFjsEG4a4KVGw-EdvqcYoODA7iOG-4H9nz-GQgCdwyAtANmHxAeqB0fya3v4THNIS7inZ1AkUOvokEV2Q_xtPKAutD7vi6fr4zSkg,multitenant
2019-03-04 14:52:06.544 [main] INFO  o.s.d.r.c.RepositoryConfigurationDelegate [RepositoryConfigurationDelegate.java:126] Bootstrapping Spring Data repositories in DEFAULT mode.
2019-03-04 14:52:06.652 [main] INFO  o.s.d.r.c.RepositoryConfigurationDelegate [RepositoryConfigurationDelegate.java:182] Finished Spring Data repository scanning in 97ms. Found 0 repository interfaces.
2019-03-04 14:52:07.224 [main] INFO  c.u.j.c.EnableEncryptablePropertiesBeanFactoryPostProcessor [EnableEncryptablePropertiesBeanFactoryPostProcessor.java:48] Post-processing PropertySource instances
2019-03-04 14:52:07.337 [main] INFO  c.u.j.EncryptablePropertySourceConverter [EncryptablePropertySourceConverter.java:38] Converting PropertySource configurationProperties [org.springframework.boot.context.properties.source.ConfigurationPropertySourcesPropertySource] to AOP Proxy
2019-03-04 14:52:07.338 [main] INFO  c.u.j.EncryptablePropertySourceConverter [EncryptablePropertySourceConverter.java:38] Converting PropertySource servletConfigInitParams [org.springframework.core.env.PropertySource$StubPropertySource] to EncryptablePropertySourceWrapper
2019-03-04 14:52:07.338 [main] INFO  c.u.j.EncryptablePropertySourceConverter [EncryptablePropertySourceConverter.java:38] Converting PropertySource servletContextInitParams [org.springframework.core.env.PropertySource$StubPropertySource] to EncryptablePropertySourceWrapper
2019-03-04 14:52:07.338 [main] INFO  c.u.j.EncryptablePropertySourceConverter [EncryptablePropertySourceConverter.java:38] Converting PropertySource systemProperties [org.springframework.core.env.MapPropertySource] to EncryptableMapPropertySourceWrapper
2019-03-04 14:52:07.338 [main] INFO  c.u.j.EncryptablePropertySourceConverter [EncryptablePropertySourceConverter.java:38] Converting PropertySource systemEnvironment [org.springframework.boot.env.SystemEnvironmentPropertySourceEnvironmentPostProcessor$OriginAwareSystemEnvironmentPropertySource] to EncryptableMapPropertySourceWrapper
2019-03-04 14:52:07.339 [main] INFO  c.u.j.EncryptablePropertySourceConverter [EncryptablePropertySourceConverter.java:38] Converting PropertySource random [org.springframework.boot.env.RandomValuePropertySource] to EncryptablePropertySourceWrapper
2019-03-04 14:52:07.339 [main] INFO  c.u.j.EncryptablePropertySourceConverter [EncryptablePropertySourceConverter.java:38] Converting PropertySource applicationConfig: [classpath:/application.yml] (document #0) [org.springframework.boot.env.OriginTrackedMapPropertySource] to EncryptableMapPropertySourceWrapper
2019-03-04 14:52:07.339 [main] INFO  c.u.j.EncryptablePropertySourceConverter [EncryptablePropertySourceConverter.java:38] Converting PropertySource class path resource [config/multitenant-mysql.properties] [org.springframework.core.io.support.ResourcePropertySource] to EncryptableMapPropertySourceWrapper
2019-03-04 14:52:07.339 [main] INFO  c.u.j.EncryptablePropertySourceConverter [EncryptablePropertySourceConverter.java:38] Converting PropertySource class path resource [config/mysql.properties] [org.springframework.core.env.CompositePropertySource] to EncryptableEnumerablePropertySourceWrapper
2019-03-04 14:52:07.601 [main] INFO  o.s.c.s.PostProcessorRegistrationDelegate$BeanPostProcessorChecker [PostProcessorRegistrationDelegate.java:330] Bean 'org.springframework.transaction.annotation.ProxyTransactionManagementConfiguration' of type [org.springframework.transaction.annotation.ProxyTransactionManagementConfiguration$$EnhancerBySpringCGLIB$$d98a89d6] is not eligible for getting processed by all BeanPostProcessors (for example: not eligible for auto-proxying)
2019-03-04 14:52:07.721 [main] INFO  c.u.j.r.DefaultLazyPropertyResolver [DefaultLazyPropertyResolver.java:34] Property Resolver custom Bean not found with name 'encryptablePropertyResolver'. Initializing Default Property Resolver
2019-03-04 14:52:07.724 [main] INFO  c.u.j.d.DefaultLazyPropertyDetector [DefaultLazyPropertyDetector.java:31] Property Detector custom Bean not found with name 'encryptablePropertyDetector'. Initializing Default Property Detector
2019-03-04 14:52:07.730 [main] INFO  o.s.c.s.PostProcessorRegistrationDelegate$BeanPostProcessorChecker [PostProcessorRegistrationDelegate.java:330] Bean 'metadataRepositoryConfig' of type [org.hspconsortium.platform.api.fhir.repository.MetadataRepositoryConfig] is not eligible for getting processed by all BeanPostProcessors (for example: not eligible for auto-proxying)
2019-03-04 14:52:07.735 [main] INFO  o.h.p.a.s.TenantInfoRequestMatcher [TenantInfoRequestMatcher.java:52] Configuring TenantInfoRequestMatcher
2019-03-04 14:52:07.741 [main] INFO  o.s.c.s.PostProcessorRegistrationDelegate$BeanPostProcessorChecker [PostProcessorRegistrationDelegate.java:330] Bean 'tenantInfoRequestMatcher' of type [org.hspconsortium.platform.api.security.TenantInfoRequestMatcher] is not eligible for getting processed by all BeanPostProcessors (for example: not eligible for auto-proxying)
2019-03-04 14:52:07.742 [main] INFO  o.s.c.s.PostProcessorRegistrationDelegate$BeanPostProcessorChecker [PostProcessorRegistrationDelegate.java:330] Bean 'multitenantOAuth2ResourceConfig' of type [org.hspconsortium.platform.api.security.MultitenantOAuth2ResourceConfig$$EnhancerBySpringCGLIB$$3d14f918] is not eligible for getting processed by all BeanPostProcessors (for example: not eligible for auto-proxying)
2019-03-04 14:52:08.241 [main] INFO  o.s.b.w.e.tomcat.TomcatWebServer [TomcatWebServer.java:90] Tomcat initialized with port(s): 8075 (http)
2019-03-04 14:52:08.263 [main] INFO  o.a.coyote.http11.Http11NioProtocol [DirectJDKLog.java:173] Initializing ProtocolHandler ["http-nio-8075"]
2019-03-04 14:52:08.280 [main] INFO  o.a.catalina.core.StandardService [DirectJDKLog.java:173] Starting service [Tomcat]
2019-03-04 14:52:08.280 [main] INFO  o.a.catalina.core.StandardEngine [DirectJDKLog.java:173] Starting Servlet Engine: Apache Tomcat/9.0.13
2019-03-04 14:52:08.295 [main] INFO  o.a.c.core.AprLifecycleListener [DirectJDKLog.java:173] The APR based Apache Tomcat Native library which allows optimal performance in production environments was not found on the java.library.path: [/Users/jacobcrump/Library/Java/Extensions:/Library/Java/Extensions:/Network/Library/Java/Extensions:/System/Library/Java/Extensions:/usr/lib/java:.]
2019-03-04 14:52:08.403 [main] INFO  o.a.c.c.C.[Tomcat].[localhost].[/] [DirectJDKLog.java:173] Initializing Spring embedded WebApplicationContext
2019-03-04 14:52:08.403 [main] INFO  o.s.web.context.ContextLoader [ServletWebServerApplicationContext.java:296] Root WebApplicationContext: initialization completed in 3718 ms
2019-03-04 14:52:09.115 [main] INFO  o.h.p.api.fhir.config.MySQLConfig [MySQLConfig.java:229] loadIndexFiles()
Loading class `com.mysql.jdbc.Driver'. This is deprecated. The new driver class is `com.mysql.cj.jdbc.Driver'. The driver is automatically registered via the SPI and manual loading of the driver class is generally unnecessary.
2019-03-04 14:52:10.102 [main] INFO  o.h.p.api.fhir.config.MySQLConfig [MySQLConfig.java:229] loadIndexFiles()
2019-03-04 14:52:10.162 [main] INFO  o.h.jpa.internal.util.LogHelper [LogHelper.java:31] HHH000204: Processing PersistenceUnitInfo [name: default]
2019-03-04 14:52:10.363 [main] INFO  org.hibernate.Version [Version.java:46] HHH000412: Hibernate Core {5.4.1.Final}
2019-03-04 14:52:10.707 [main] INFO  o.h.annotations.common.Version [JavaReflectionManager.java:49] HCANN000001: Hibernate Commons Annotations {5.1.0.Final}
2019-03-04 14:52:11.310 [main] INFO  org.hibernate.dialect.Dialect [Dialect.java:158] HHH000400: Using dialect: org.hibernate.dialect.MySQL5Dialect
2019-03-04 14:52:12.515 [main] INFO  org.hibernate.search.engine.Version [Version.java:27] HSEARCH000034: Hibernate Search 5.11.1.Final
2019-03-04 14:52:13.443 [main] INFO  o.h.e.t.j.p.i.JtaPlatformInitiator [JtaPlatformInitiator.java:52] HHH000490: Using JtaPlatform implementation: [org.hibernate.engine.transaction.jta.platform.internal.NoJtaPlatform]
2019-03-04 14:52:13.622 [main] INFO  o.h.s.s.impl.DirectoryProviderHelper [DirectoryProviderHelper.java:139] HSEARCH000041: Index directory not found, creating: 'target/hspc-reference-api/lucenefiles'
2019-03-04 14:52:13.624 [main] INFO  o.h.s.s.impl.DirectoryProviderHelper [DirectoryProviderHelper.java:139] HSEARCH000041: Index directory not found, creating: 'target/hspc-reference-api/lucenefiles/ca.uhn.fhir.jpa.model.entity.ResourceIndexedSearchParamString'
2019-03-04 14:52:13.874 [main] INFO  o.h.s.s.impl.DirectoryProviderHelper [DirectoryProviderHelper.java:139] HSEARCH000041: Index directory not found, creating: 'target/hspc-reference-api/lucenefiles/ca.uhn.fhir.jpa.model.entity.ResourceTable'
2019-03-04 14:52:13.888 [main] INFO  o.h.s.s.impl.DirectoryProviderHelper [DirectoryProviderHelper.java:139] HSEARCH000041: Index directory not found, creating: 'target/hspc-reference-api/lucenefiles/ca.uhn.fhir.jpa.entity.TermConcept'
2019-03-04 14:52:13.989 [main] INFO  o.s.o.j.LocalContainerEntityManagerFactoryBean [AbstractEntityManagerFactoryBean.java:415] Initialized JPA EntityManagerFactory for persistence unit 'default'
2019-03-04 14:52:14.013 [main] INFO  o.h.jpa.internal.util.LogHelper [LogHelper.java:31] HHH000204: Processing PersistenceUnitInfo [name: default]
2019-03-04 14:52:14.370 [main] INFO  org.hibernate.dialect.Dialect [Dialect.java:158] HHH000400: Using dialect: org.hibernate.dialect.MySQL5Dialect
2019-03-04 14:52:14.630 [main] INFO  o.h.e.t.j.p.i.JtaPlatformInitiator [JtaPlatformInitiator.java:52] HHH000490: Using JtaPlatform implementation: [org.hibernate.engine.transaction.jta.platform.internal.NoJtaPlatform]
2019-03-04 14:52:14.704 [main] INFO  o.s.o.j.LocalContainerEntityManagerFactoryBean [AbstractEntityManagerFactoryBean.java:415] Initialized JPA EntityManagerFactory for persistence unit 'default'
2019-03-04 14:52:14.716 [main] WARN  o.s.b.w.s.c.AnnotationConfigServletWebServerApplicationContext [AbstractApplicationContext.java:554] Exception encountered during context initialization - cancelling refresh attempt: org.springframework.beans.factory.BeanCreationException: Error creating bean with name 'profileServiceImpl': Injection of autowired dependencies failed; nested exception is java.lang.IllegalArgumentException: Could not resolve placeholder 'server.localhost' in value "${server.localhost}"
2019-03-04 14:52:14.716 [main] INFO  o.s.o.j.LocalContainerEntityManagerFactoryBean [AbstractEntityManagerFactoryBean.java:597] Closing JPA EntityManagerFactory for persistence unit 'default'
2019-03-04 14:52:14.734 [main] INFO  o.a.catalina.core.StandardService [DirectJDKLog.java:173] Stopping service [Tomcat]
2019-03-04 14:52:14.754 [main] INFO  o.s.b.a.l.ConditionEvaluationReportLoggingListener [ConditionEvaluationReportLoggingListener.java:142] 

Error starting ApplicationContext. To display the conditions report re-run your application with 'debug' enabled.
2019-03-04 14:52:14.757 [main] ERROR o.s.boot.SpringApplication [SpringApplication.java:858] Application run failed
org.springframework.beans.factory.BeanCreationException: Error creating bean with name 'profileServiceImpl': Injection of autowired dependencies failed; nested exception is java.lang.IllegalArgumentException: Could not resolve placeholder 'server.localhost' in value "${server.localhost}"
	at org.springframework.beans.factory.annotation.AutowiredAnnotationBeanPostProcessor.postProcessProperties(AutowiredAnnotationBeanPostProcessor.java:380)
	at org.springframework.beans.factory.support.AbstractAutowireCapableBeanFactory.populateBean(AbstractAutowireCapableBeanFactory.java:1378)
	at org.springframework.beans.factory.support.AbstractAutowireCapableBeanFactory.doCreateBean(AbstractAutowireCapableBeanFactory.java:575)
	at org.springframework.beans.factory.support.AbstractAutowireCapableBeanFactory.createBean(AbstractAutowireCapableBeanFactory.java:498)
	at org.springframework.beans.factory.support.AbstractBeanFactory.lambda$doGetBean$0(AbstractBeanFactory.java:320)
	at org.springframework.beans.factory.support.DefaultSingletonBeanRegistry.getSingleton(DefaultSingletonBeanRegistry.java:222)
	at org.springframework.beans.factory.support.AbstractBeanFactory.doGetBean(AbstractBeanFactory.java:318)
	at org.springframework.beans.factory.support.AbstractBeanFactory.getBean(AbstractBeanFactory.java:199)
	at org.springframework.beans.factory.support.DefaultListableBeanFactory.preInstantiateSingletons(DefaultListableBeanFactory.java:846)
	at org.springframework.context.support.AbstractApplicationContext.finishBeanFactoryInitialization(AbstractApplicationContext.java:863)
	at org.springframework.context.support.AbstractApplicationContext.refresh(AbstractApplicationContext.java:546)
	at org.springframework.boot.web.servlet.context.ServletWebServerApplicationContext.refresh(ServletWebServerApplicationContext.java:142)
	at org.springframework.boot.SpringApplication.refresh(SpringApplication.java:775)
	at org.springframework.boot.SpringApplication.refreshContext(SpringApplication.java:397)
	at org.springframework.boot.SpringApplication.run(SpringApplication.java:316)
	at org.springframework.boot.SpringApplication.run(SpringApplication.java:1260)
	at org.springframework.boot.SpringApplication.run(SpringApplication.java:1248)
	at org.hspconsortium.platform.api.HSPCReferenceApiMultitenantApplication.main(HSPCReferenceApiMultitenantApplication.java:43)
	at sun.reflect.NativeMethodAccessorImpl.invoke0(Native Method)
	at sun.reflect.NativeMethodAccessorImpl.invoke(NativeMethodAccessorImpl.java:62)
	at sun.reflect.DelegatingMethodAccessorImpl.invoke(DelegatingMethodAccessorImpl.java:43)
	at java.lang.reflect.Method.invoke(Method.java:498)
	at org.springframework.boot.loader.MainMethodRunner.run(MainMethodRunner.java:48)
	at org.springframework.boot.loader.Launcher.launch(Launcher.java:87)
	at org.springframework.boot.loader.Launcher.launch(Launcher.java:50)
	at org.springframework.boot.loader.JarLauncher.main(JarLauncher.java:51)
Caused by: java.lang.IllegalArgumentException: Could not resolve placeholder 'server.localhost' in value "${server.localhost}"
	at org.springframework.util.PropertyPlaceholderHelper.parseStringValue(PropertyPlaceholderHelper.java:172)
	at org.springframework.util.PropertyPlaceholderHelper.replacePlaceholders(PropertyPlaceholderHelper.java:124)
	at org.springframework.core.env.AbstractPropertyResolver.doResolvePlaceholders(AbstractPropertyResolver.java:237)
	at org.springframework.core.env.AbstractPropertyResolver.resolveRequiredPlaceholders(AbstractPropertyResolver.java:211)
	at org.springframework.context.support.PropertySourcesPlaceholderConfigurer.lambda$processProperties$0(PropertySourcesPlaceholderConfigurer.java:175)
	at org.springframework.beans.factory.support.AbstractBeanFactory.resolveEmbeddedValue(AbstractBeanFactory.java:851)
	at org.springframework.beans.factory.support.DefaultListableBeanFactory.doResolveDependency(DefaultListableBeanFactory.java:1185)
	at org.springframework.beans.factory.support.DefaultListableBeanFactory.resolveDependency(DefaultListableBeanFactory.java:1164)
	at org.springframework.beans.factory.annotation.AutowiredAnnotationBeanPostProcessor$AutowiredFieldElement.inject(AutowiredAnnotationBeanPostProcessor.java:593)
	at org.springframework.beans.factory.annotation.InjectionMetadata.inject(InjectionMetadata.java:90)
	at org.springframework.beans.factory.annotation.AutowiredAnnotationBeanPostProcessor.postProcessProperties(AutowiredAnnotationBeanPostProcessor.java:374)
	... 25 common frames omitted
